[debug] [2022-10-22T21:01:03.641Z] ----------------------------------------------------------------------
[debug] [2022-10-22T21:01:03.647Z] Command:       C:\setup files\NodeJS\node.exe C:\Users\WC\AppData\Roaming\npm\node_modules\firebase-tools\lib\bin\firebase.js init
[debug] [2022-10-22T21:01:03.649Z] CLI Version:   11.15.0
[debug] [2022-10-22T21:01:03.651Z] Platform:      win32
[debug] [2022-10-22T21:01:03.651Z] Node Version:  v16.15.1
[debug] [2022-10-22T21:01:03.665Z] Time:          Sun Oct 23 2022 03:01:03 GMT+0600 (Bangladesh Standard Time)
[debug] [2022-10-22T21:01:03.666Z] ----------------------------------------------------------------------
[debug] 
[debug] [2022-10-22T21:01:03.693Z] >>> [apiv2][query] GET https://firebase-public.firebaseio.com/cli.json [none]
[debug] [2022-10-22T21:01:03.818Z] > command requires scopes: ["email","openid","https://www.googleapis.com/auth/cloudplatformprojects.readonly","https://www.googleapis.com/auth/firebase","https://www.googleapis.com/auth/cloud-platform"]
[debug] [2022-10-22T21:01:03.820Z] > authorizing via signed-in user (cse.170201063@gmail.com)
[info] 
     ######## #### ########  ######## ########     ###     ######  ########
     ##        ##  ##     ## ##       ##     ##  ##   ##  ##       ##
     ######    ##  ########  ######   ########  #########  ######  ######
     ##        ##  ##    ##  ##       ##     ## ##     ##       ## ##
     ##       #### ##     ## ######## ########  ##     ##  ######  ########

You're about to initialize a Firebase project in this directory:

  D:\Practice CODE\Hero Web dev\10. Firebase Authentication\T-News\t-news-client

[debug] [2022-10-22T21:01:04.749Z] <<< [apiv2][status] GET https://firebase-public.firebaseio.com/cli.json 200
[debug] [2022-10-22T21:01:04.750Z] <<< [apiv2][body] GET https://firebase-public.firebaseio.com/cli.json {"cloudBuildErrorAfter":1594252800000,"cloudBuildWarnAfter":1590019200000,"defaultNode10After":1594252800000,"minVersion":"3.0.5","node8DeploysDisabledAfter":1613390400000,"node8RuntimeDisabledAfter":1615809600000,"node8WarnAfter":1600128000000}
